<?xml version="1.0" encoding="UTF-8"?>
<!-- Generated by org.testng.reporters.JUnitXMLReporter -->
<testsuite ignored="0" hostname="AAPC-IN" failures="0" tests="6" name="Default test" time="4.639" errors="0" timestamp="2022-03-30T21:02:48 IST">
  <testcase classname="com.qa.tests.DynamicJson_4" name="addBook" time="3.503"/>
  <testcase classname="com.qa.tests.DynamicJson_4" name="addBook" time="0.186"/>
  <testcase classname="com.qa.tests.DynamicJson_4" name="addBook" time="0.207"/>
  <testcase classname="com.qa.tests.DynamicJson_4" name="deleteBook" time="0.272"/>
  <testcase classname="com.qa.tests.DynamicJson_4" name="deleteBook" time="0.246"/>
  <testcase classname="com.qa.tests.DynamicJson_4" name="deleteBook" time="0.142"/>
</testsuite> <!-- Default test -->
