<?xml version="1.0" encoding="UTF-8"?>
<testng-results ignored="0" total="6" passed="6" failed="0" skipped="0">
  <reporter-output>
  </reporter-output>
  <suite started-at="2022-03-30T21:02:44 IST" name="Default suite" finished-at="2022-03-30T21:02:48 IST" duration-ms="4639">
    <groups>
    </groups>
    <test started-at="2022-03-30T21:02:44 IST" name="Default test" finished-at="2022-03-30T21:02:48 IST" duration-ms="4639">
      <class name="com.qa.tests.DynamicJson_4">
        <test-method signature="addBook(java.lang.String,java.lang.String)[pri:0, instance:com.qa.tests.DynamicJson_4@4c9f8c13]" started-at="2022-03-30T21:02:44 IST" name="addBook" data-provider="BooksData" finished-at="2022-03-30T21:02:47 IST" duration-ms="3503" status="PASS">
          <params>
            <param index="0">
              <value>
                <![CDATA[qwerty]]>
              </value>
            </param>
            <param index="1">
              <value>
                <![CDATA[4356]]>
              </value>
            </param>
          </params>
          <reporter-output>
          </reporter-output>
        </test-method> <!-- addBook -->
        <test-method signature="addBook(java.lang.String,java.lang.String)[pri:0, instance:com.qa.tests.DynamicJson_4@4c9f8c13]" started-at="2022-03-30T21:02:47 IST" name="addBook" data-provider="BooksData" finished-at="2022-03-30T21:02:48 IST" duration-ms="186" status="PASS">
          <params>
            <param index="0">
              <value>
                <![CDATA[caytr]]>
              </value>
            </param>
            <param index="1">
              <value>
                <![CDATA[9886]]>
              </value>
            </param>
          </params>
          <reporter-output>
          </reporter-output>
        </test-method> <!-- addBook -->
        <test-method signature="addBook(java.lang.String,java.lang.String)[pri:0, instance:com.qa.tests.DynamicJson_4@4c9f8c13]" started-at="2022-03-30T21:02:48 IST" name="addBook" data-provider="BooksData" finished-at="2022-03-30T21:02:48 IST" duration-ms="207" status="PASS">
          <params>
            <param index="0">
              <value>
                <![CDATA[ygmnt]]>
              </value>
            </param>
            <param index="1">
              <value>
                <![CDATA[5609]]>
              </value>
            </param>
          </params>
          <reporter-output>
          </reporter-output>
        </test-method> <!-- addBook -->
        <test-method signature="deleteBook(java.lang.String,java.lang.String)[pri:0, instance:com.qa.tests.DynamicJson_4@4c9f8c13]" started-at="2022-03-30T21:02:48 IST" name="deleteBook" data-provider="BooksData" finished-at="2022-03-30T21:02:48 IST" duration-ms="272" status="PASS">
          <params>
            <param index="0">
              <value>
                <![CDATA[qwerty]]>
              </value>
            </param>
            <param index="1">
              <value>
                <![CDATA[4356]]>
              </value>
            </param>
          </params>
          <reporter-output>
          </reporter-output>
        </test-method> <!-- deleteBook -->
        <test-method signature="deleteBook(java.lang.String,java.lang.String)[pri:0, instance:com.qa.tests.DynamicJson_4@4c9f8c13]" started-at="2022-03-30T21:02:48 IST" name="deleteBook" data-provider="BooksData" finished-at="2022-03-30T21:02:48 IST" duration-ms="246" status="PASS">
          <params>
            <param index="0">
              <value>
                <![CDATA[caytr]]>
              </value>
            </param>
            <param index="1">
              <value>
                <![CDATA[9886]]>
              </value>
            </param>
          </params>
          <reporter-output>
          </reporter-output>
        </test-method> <!-- deleteBook -->
        <test-method signature="deleteBook(java.lang.String,java.lang.String)[pri:0, instance:com.qa.tests.DynamicJson_4@4c9f8c13]" started-at="2022-03-30T21:02:48 IST" name="deleteBook" data-provider="BooksData" finished-at="2022-03-30T21:02:48 IST" duration-ms="142" status="PASS">
          <params>
            <param index="0">
              <value>
                <![CDATA[ygmnt]]>
              </value>
            </param>
            <param index="1">
              <value>
                <![CDATA[5609]]>
              </value>
            </param>
          </params>
          <reporter-output>
          </reporter-output>
        </test-method> <!-- deleteBook -->
      </class> <!-- com.qa.tests.DynamicJson_4 -->
    </test> <!-- Default test -->
  </suite> <!-- Default suite -->
</testng-results>
